<?xml version="1.0" encoding="UTF-8"?>
<!-- Generated by org.testng.reporters.JUnitReportReporter -->
<testsuite hostname="DESKTOP-SFU7KQA" failures="0" tests="2" name="testNGPackage.AnnotationClass" time="8.950" errors="0" timestamp="2024-11-02T14:22:58 EDT" skipped="0">
  <testcase classname="testNGPackage.AnnotationClass" name="login" time="5.664"/>
  <testcase classname="testNGPackage.AnnotationClass" name="clickdashboard" time="3.286"/>
</testsuite> <!-- testNGPackage.AnnotationClass -->
