<?xml version="1.0" encoding="UTF-8"?>
<!-- Generated by org.testng.reporters.JUnitReportReporter -->
<testsuite hostname="DESKTOP-SFU7KQA" failures="0" tests="2" name="testNGPackage.Annotation2Class" time="0.022" errors="0" timestamp="2024-11-09T13:01:48 EST" skipped="0">
  <testcase classname="testNGPackage.Annotation2Class" name="test1" time="0.018"/>
  <testcase classname="testNGPackage.Annotation2Class" name="test2" time="0.004"/>
</testsuite> <!-- testNGPackage.Annotation2Class -->
