<?xml version="1.0" encoding="UTF-8"?>
<!-- Generated by org.testng.reporters.JUnitReportReporter -->
<testsuite hostname="DESKTOP-SFU7KQA" failures="0" tests="1" name="testNGPackage.ExtentReportsClass" time="1.603" errors="0" timestamp="2024-12-01T11:04:36 EST" skipped="0">
  <testcase classname="testNGPackage.ExtentReportsClass" name="logintest" time="1.603"/>
</testsuite> <!-- testNGPackage.ExtentReportsClass -->
