<?xml version="1.0" encoding="UTF-8"?>
<!-- Generated by org.testng.reporters.JUnitReportReporter -->
<testsuite hostname="DESKTOP-SFU7KQA" failures="0" tests="2" name="testNGPackage.AssertionClass" time="2.008" errors="0" timestamp="2024-11-09T13:03:04 EST" skipped="0">
  <testcase classname="testNGPackage.AssertionClass" name="login" time="1.916"/>
  <testcase classname="testNGPackage.AssertionClass" name="dashboardcheck" time="0.092"/>
</testsuite> <!-- testNGPackage.AssertionClass -->
