<?xml version="1.0" encoding="UTF-8"?>
<!-- Generated by org.testng.reporters.JUnitReportReporter -->
<testsuite hostname="DESKTOP-SFU7KQA" failures="0" tests="1" name="testNGPackage.GroupClass" time="1.485" errors="0" timestamp="2024-11-10T10:32:15 EST" skipped="0">
  <testcase classname="testNGPackage.GroupClass" name="login" time="1.485"/>
</testsuite> <!-- testNGPackage.GroupClass -->
