<?xml version="1.0" encoding="UTF-8"?>
<!-- Generated by org.testng.reporters.JUnitReportReporter -->
<testsuite hostname="DESKTOP-SFU7KQA" failures="0" tests="3" name="testNGPackage.OpenWebsite" time="11.101" errors="0" timestamp="2024-11-02T13:15:11 EDT" skipped="0">
  <testcase classname="testNGPackage.OpenWebsite" name="opentwitter" time="2.378"/>
  <testcase classname="testNGPackage.OpenWebsite" name="openamazon" time="3.948"/>
  <testcase classname="testNGPackage.OpenWebsite" name="websitefacebook" time="4.775"/>
</testsuite> <!-- testNGPackage.OpenWebsite -->
