<?xml version="1.0" encoding="UTF-8"?>
<!-- Generated by org.testng.reporters.JUnitReportReporter -->
<testsuite hostname="DESKTOP-SFU7KQA" failures="0" tests="3" name="testNGPackage.PriorityClass" time="9.834" errors="0" timestamp="2024-11-02T13:23:35 EDT" skipped="0">
  <testcase classname="testNGPackage.PriorityClass" name="websitefacebook" time="4.530"/>
  <testcase classname="testNGPackage.PriorityClass" name="opentwitter" time="1.814"/>
  <testcase classname="testNGPackage.PriorityClass" name="openamazon" time="3.490"/>
</testsuite> <!-- testNGPackage.PriorityClass -->
